0 info it worked if it ends with ok
1 verbose cli [ '/Users/davidson1/.nvm/versions/node/v4.8.4/bin/node',
1 verbose cli   '/Users/davidson1/.nvm/versions/node/v4.8.4/bin/npm',
1 verbose cli   'install',
1 verbose cli   '--save',
1 verbose cli   'satori-rtm-sdk' ]
2 info using npm@2.15.11
3 info using node@v4.8.4
4 verbose install initial load of /Users/davidson1/Documents/create/hackathon/Re-Quest/webview_app/package.json
5 verbose installManyTop reading scoped package data from /Users/davidson1/Documents/create/hackathon/Re-Quest/webview_app/node_modules/asap/package.json
6 verbose installManyTop reading scoped package data from /Users/davidson1/Documents/create/hackathon/Re-Quest/webview_app/node_modules/babel-runtime/package.json
7 verbose installManyTop reading scoped package data from /Users/davidson1/Documents/create/hackathon/Re-Quest/webview_app/node_modules/bowser/package.json
8 verbose installManyTop reading scoped package data from /Users/davidson1/Documents/create/hackathon/Re-Quest/webview_app/node_modules/chain-function/package.json
9 verbose installManyTop reading scoped package data from /Users/davidson1/Documents/create/hackathon/Re-Quest/webview_app/node_modules/change-emitter/package.json
10 verbose installManyTop reading scoped package data from /Users/davidson1/Documents/create/hackathon/Re-Quest/webview_app/node_modules/core-js/package.json
11 verbose installManyTop reading scoped package data from /Users/davidson1/Documents/create/hackathon/Re-Quest/webview_app/node_modules/create-react-class/package.json
12 verbose installManyTop reading scoped package data from /Users/davidson1/Documents/create/hackathon/Re-Quest/webview_app/node_modules/crypto-js/package.json
13 verbose installManyTop reading scoped package data from /Users/davidson1/Documents/create/hackathon/Re-Quest/webview_app/node_modules/css-in-js-utils/package.json
14 verbose installManyTop reading scoped package data from /Users/davidson1/Documents/create/hackathon/Re-Quest/webview_app/node_modules/dom-helpers/package.json
15 verbose installManyTop reading scoped package data from /Users/davidson1/Documents/create/hackathon/Re-Quest/webview_app/node_modules/domready/package.json
16 verbose installManyTop reading scoped package data from /Users/davidson1/Documents/create/hackathon/Re-Quest/webview_app/node_modules/encoding/package.json
17 verbose installManyTop reading scoped package data from /Users/davidson1/Documents/create/hackathon/Re-Quest/webview_app/node_modules/fbjs/package.json
18 verbose installManyTop reading scoped package data from /Users/davidson1/Documents/create/hackathon/Re-Quest/webview_app/node_modules/griddle-react/package.json
19 verbose installManyTop reading scoped package data from /Users/davidson1/Documents/create/hackathon/Re-Quest/webview_app/node_modules/hoist-non-react-statics/package.json
20 verbose installManyTop reading scoped package data from /Users/davidson1/Documents/create/hackathon/Re-Quest/webview_app/node_modules/hyphenate-style-name/package.json
21 verbose installManyTop reading scoped package data from /Users/davidson1/Documents/create/hackathon/Re-Quest/webview_app/node_modules/iconv-lite/package.json
22 verbose installManyTop reading scoped package data from /Users/davidson1/Documents/create/hackathon/Re-Quest/webview_app/node_modules/immutable/package.json
23 verbose installManyTop reading scoped package data from /Users/davidson1/Documents/create/hackathon/Re-Quest/webview_app/node_modules/inline-style-prefixer/package.json
24 verbose installManyTop reading scoped package data from /Users/davidson1/Documents/create/hackathon/Re-Quest/webview_app/node_modules/invariant/package.json
25 verbose installManyTop reading scoped package data from /Users/davidson1/Documents/create/hackathon/Re-Quest/webview_app/node_modules/is-stream/package.json
26 verbose installManyTop reading scoped package data from /Users/davidson1/Documents/create/hackathon/Re-Quest/webview_app/node_modules/isomorphic-fetch/package.json
27 verbose installManyTop reading scoped package data from /Users/davidson1/Documents/create/hackathon/Re-Quest/webview_app/node_modules/js-tokens/package.json
28 verbose installManyTop reading scoped package data from /Users/davidson1/Documents/create/hackathon/Re-Quest/webview_app/node_modules/keycode/package.json
29 verbose installManyTop reading scoped package data from /Users/davidson1/Documents/create/hackathon/Re-Quest/webview_app/node_modules/lodash/package.json
30 verbose installManyTop reading scoped package data from /Users/davidson1/Documents/create/hackathon/Re-Quest/webview_app/node_modules/lodash-es/package.json
31 verbose installManyTop reading scoped package data from /Users/davidson1/Documents/create/hackathon/Re-Quest/webview_app/node_modules/lodash.merge/package.json
32 verbose installManyTop reading scoped package data from /Users/davidson1/Documents/create/hackathon/Re-Quest/webview_app/node_modules/lodash.throttle/package.json
33 verbose installManyTop reading scoped package data from /Users/davidson1/Documents/create/hackathon/Re-Quest/webview_app/node_modules/loose-envify/package.json
34 verbose installManyTop reading scoped package data from /Users/davidson1/Documents/create/hackathon/Re-Quest/webview_app/node_modules/material-ui/package.json
35 verbose installManyTop reading scoped package data from /Users/davidson1/Documents/create/hackathon/Re-Quest/webview_app/node_modules/material-ui-icons/package.json
36 verbose installManyTop reading scoped package data from /Users/davidson1/Documents/create/hackathon/Re-Quest/webview_app/node_modules/max-safe-integer/package.json
37 verbose installManyTop reading scoped package data from /Users/davidson1/Documents/create/hackathon/Re-Quest/webview_app/node_modules/meteor-node-stubs/package.json
38 verbose installManyTop reading scoped package data from /Users/davidson1/Documents/create/hackathon/Re-Quest/webview_app/node_modules/node-fetch/package.json
39 verbose installManyTop reading scoped package data from /Users/davidson1/Documents/create/hackathon/Re-Quest/webview_app/node_modules/object-assign/package.json
40 verbose installManyTop reading scoped package data from /Users/davidson1/Documents/create/hackathon/Re-Quest/webview_app/node_modules/options/package.json
41 verbose installManyTop reading scoped package data from /Users/davidson1/Documents/create/hackathon/Re-Quest/webview_app/node_modules/promise/package.json
42 verbose installManyTop reading scoped package data from /Users/davidson1/Documents/create/hackathon/Re-Quest/webview_app/node_modules/prop-types/package.json
43 verbose installManyTop reading scoped package data from /Users/davidson1/Documents/create/hackathon/Re-Quest/webview_app/node_modules/react/package.json
44 verbose installManyTop reading scoped package data from /Users/davidson1/Documents/create/hackathon/Re-Quest/webview_app/node_modules/react-addons-transition-group/package.json
45 verbose installManyTop reading scoped package data from /Users/davidson1/Documents/create/hackathon/Re-Quest/webview_app/node_modules/react-dom/package.json
46 verbose installManyTop reading scoped package data from /Users/davidson1/Documents/create/hackathon/Re-Quest/webview_app/node_modules/react-event-listener/package.json
47 verbose installManyTop reading scoped package data from /Users/davidson1/Documents/create/hackathon/Re-Quest/webview_app/node_modules/react-mounter/package.json
48 verbose installManyTop reading scoped package data from /Users/davidson1/Documents/create/hackathon/Re-Quest/webview_app/node_modules/react-redux/package.json
49 verbose installManyTop reading scoped package data from /Users/davidson1/Documents/create/hackathon/Re-Quest/webview_app/node_modules/react-tap-event-plugin/package.json
50 verbose installManyTop reading scoped package data from /Users/davidson1/Documents/create/hackathon/Re-Quest/webview_app/node_modules/react-transition-group/package.json
51 verbose installManyTop reading scoped package data from /Users/davidson1/Documents/create/hackathon/Re-Quest/webview_app/node_modules/recompose/package.json
52 verbose installManyTop reading scoped package data from /Users/davidson1/Documents/create/hackathon/Re-Quest/webview_app/node_modules/redux/package.json
53 verbose installManyTop reading scoped package data from /Users/davidson1/Documents/create/hackathon/Re-Quest/webview_app/node_modules/regenerator-runtime/package.json
54 verbose installManyTop reading scoped package data from /Users/davidson1/Documents/create/hackathon/Re-Quest/webview_app/node_modules/reselect/package.json
55 verbose installManyTop reading scoped package data from /Users/davidson1/Documents/create/hackathon/Re-Quest/webview_app/node_modules/satori-rtm-sdk/package.json
56 verbose installManyTop reading scoped package data from /Users/davidson1/Documents/create/hackathon/Re-Quest/webview_app/node_modules/setimmediate/package.json
57 verbose installManyTop reading scoped package data from /Users/davidson1/Documents/create/hackathon/Re-Quest/webview_app/node_modules/simple-assign/package.json
58 verbose installManyTop reading scoped package data from /Users/davidson1/Documents/create/hackathon/Re-Quest/webview_app/node_modules/symbol-observable/package.json
59 verbose installManyTop reading scoped package data from /Users/davidson1/Documents/create/hackathon/Re-Quest/webview_app/node_modules/ua-parser-js/package.json
60 verbose installManyTop reading scoped package data from /Users/davidson1/Documents/create/hackathon/Re-Quest/webview_app/node_modules/ultron/package.json
61 verbose installManyTop reading scoped package data from /Users/davidson1/Documents/create/hackathon/Re-Quest/webview_app/node_modules/warning/package.json
62 verbose installManyTop reading scoped package data from /Users/davidson1/Documents/create/hackathon/Re-Quest/webview_app/node_modules/whatwg-fetch/package.json
63 verbose installManyTop reading scoped package data from /Users/davidson1/Documents/create/hackathon/Re-Quest/webview_app/node_modules/ws/package.json
64 info package.json griddle-react@1.8.1 No repository field.
65 info package.json domready@1.0.8 No license field.
66 info package.json options@0.0.6 No license field.
67 info package.json react-tap-event-plugin@2.0.1 No license field.
68 verbose readDependencies loading dependencies from /Users/davidson1/Documents/create/hackathon/Re-Quest/webview_app/package.json
69 verbose install satori-rtm-sdk is installed as 1.1.1
70 silly cache add args [ 'satori-rtm-sdk', null ]
71 verbose cache add spec satori-rtm-sdk
72 silly cache add parsed spec Result {
72 silly cache add   raw: 'satori-rtm-sdk',
72 silly cache add   scope: null,
72 silly cache add   name: 'satori-rtm-sdk',
72 silly cache add   rawSpec: '',
72 silly cache add   spec: 'latest',
72 silly cache add   type: 'tag' }
73 silly addNamed satori-rtm-sdk@latest
74 verbose addNamed "latest" is being treated as a dist-tag for satori-rtm-sdk
75 info addNameTag [ 'satori-rtm-sdk', 'latest' ]
76 silly mapToRegistry name satori-rtm-sdk
77 silly mapToRegistry using default registry
78 silly mapToRegistry registry http://registry.npmjs.org/
79 silly mapToRegistry data Result {
79 silly mapToRegistry   raw: 'satori-rtm-sdk',
79 silly mapToRegistry   scope: null,
79 silly mapToRegistry   name: 'satori-rtm-sdk',
79 silly mapToRegistry   rawSpec: '',
79 silly mapToRegistry   spec: 'latest',
79 silly mapToRegistry   type: 'tag' }
80 silly mapToRegistry uri http://registry.npmjs.org/satori-rtm-sdk
81 verbose addNameTag registry:http://registry.npmjs.org/satori-rtm-sdk not in flight; fetching
82 verbose request uri http://registry.npmjs.org/satori-rtm-sdk
83 verbose request no auth needed
84 info attempt registry request try #1 at 7:02:18 PM
85 verbose request using bearer token for auth
86 verbose request id 50178a6751b9d31d
87 http request GET http://registry.npmjs.org/satori-rtm-sdk
88 http 200 http://registry.npmjs.org/satori-rtm-sdk
89 verbose headers { server: 'nginx/1.10.1',
89 verbose headers   'content-type': 'application/json',
89 verbose headers   'last-modified': 'Tue, 29 Aug 2017 19:51:29 GMT',
89 verbose headers   etag: 'W/"59a5c5c1-325b"',
89 verbose headers   'content-encoding': 'gzip',
89 verbose headers   'cache-control': 'max-age=300',
89 verbose headers   'transfer-encoding': 'chunked',
89 verbose headers   'accept-ranges': 'bytes',
89 verbose headers   date: 'Sun, 10 Sep 2017 02:02:18 GMT',
89 verbose headers   via: '1.1 varnish',
89 verbose headers   connection: 'keep-alive',
89 verbose headers   'x-served-by': 'cache-jfk8141-JFK',
89 verbose headers   'x-cache': 'MISS',
89 verbose headers   'x-cache-hits': '0',
89 verbose headers   'x-timer': 'S1505008939.914613,VS0,VE76',
89 verbose headers   vary: 'Accept-Encoding, Accept' }
90 silly get cb [ 200,
90 silly get   { server: 'nginx/1.10.1',
90 silly get     'content-type': 'application/json',
90 silly get     'last-modified': 'Tue, 29 Aug 2017 19:51:29 GMT',
90 silly get     etag: 'W/"59a5c5c1-325b"',
90 silly get     'content-encoding': 'gzip',
90 silly get     'cache-control': 'max-age=300',
90 silly get     'transfer-encoding': 'chunked',
90 silly get     'accept-ranges': 'bytes',
90 silly get     date: 'Sun, 10 Sep 2017 02:02:18 GMT',
90 silly get     via: '1.1 varnish',
90 silly get     connection: 'keep-alive',
90 silly get     'x-served-by': 'cache-jfk8141-JFK',
90 silly get     'x-cache': 'MISS',
90 silly get     'x-cache-hits': '0',
90 silly get     'x-timer': 'S1505008939.914613,VS0,VE76',
90 silly get     vary: 'Accept-Encoding, Accept' } ]
91 verbose get saving satori-rtm-sdk to /Users/davidson1/.npm/registry.npmjs.org/satori-rtm-sdk/.cache.json
92 verbose correctMkdir /Users/davidson1/.npm correctMkdir not in flight; initializing
93 silly addNameTag next cb for satori-rtm-sdk with tag latest
94 silly addNamed satori-rtm-sdk@1.1.1
95 verbose addNamed "1.1.1" is a plain semver version for satori-rtm-sdk
96 silly mapToRegistry name satori-rtm-sdk
97 silly mapToRegistry using default registry
98 silly mapToRegistry registry http://registry.npmjs.org/
99 silly mapToRegistry data Result {
99 silly mapToRegistry   raw: 'satori-rtm-sdk',
99 silly mapToRegistry   scope: null,
99 silly mapToRegistry   name: 'satori-rtm-sdk',
99 silly mapToRegistry   rawSpec: '',
99 silly mapToRegistry   spec: 'latest',
99 silly mapToRegistry   type: 'tag' }
100 silly mapToRegistry uri http://registry.npmjs.org/satori-rtm-sdk
101 verbose addRemoteTarball http://registry.npmjs.org/satori-rtm-sdk/-/satori-rtm-sdk-1.1.1.tgz not in flight; adding
102 verbose addRemoteTarball [ 'http://registry.npmjs.org/satori-rtm-sdk/-/satori-rtm-sdk-1.1.1.tgz',
102 verbose addRemoteTarball   '2ce532cb2ca26e83ac51435f17d47d056fe28a4f' ]
103 info retry fetch attempt 1 at 7:02:19 PM
104 info attempt registry request try #1 at 7:02:19 PM
105 http fetch GET http://registry.npmjs.org/satori-rtm-sdk/-/satori-rtm-sdk-1.1.1.tgz
106 verbose request using bearer token for auth
107 http fetch 200 http://registry.npmjs.org/satori-rtm-sdk/-/satori-rtm-sdk-1.1.1.tgz
108 silly fetchAndShaCheck shasum 2ce532cb2ca26e83ac51435f17d47d056fe28a4f
109 verbose addTmpTarball /var/folders/2p/_sct82vn1vqdfkp_5358yjv00000gp/T/npm-25544-aef30113/registry.npmjs.org/satori-rtm-sdk/-/satori-rtm-sdk-1.1.1.tgz not in flight; adding
110 verbose addTmpTarball already have metadata; skipping unpack for satori-rtm-sdk@1.1.1
111 verbose correctMkdir /Users/davidson1/.npm correctMkdir not in flight; initializing
112 silly cache afterAdd satori-rtm-sdk@1.1.1
113 verbose afterAdd /Users/davidson1/.npm/satori-rtm-sdk/1.1.1/package/package.json not in flight; writing
114 verbose correctMkdir /Users/davidson1/.npm correctMkdir not in flight; initializing
115 verbose afterAdd /Users/davidson1/.npm/satori-rtm-sdk/1.1.1/package/package.json written
116 silly install resolved [ { name: 'satori-rtm-sdk',
116 silly install resolved     version: '1.1.1',
116 silly install resolved     description: 'JavaScript SDK for Satori RTM',
116 silly install resolved     repository:
116 silly install resolved      { type: 'git',
116 silly install resolved        url: 'git+https://github.com/satori-com/satori-rtm-sdk-js.git' },
116 silly install resolved     files: [ 'dist', 'API.md', 'gulpfile.js', 'src' ],
116 silly install resolved     keywords: [ 'RTM', 'real-time', 'SDK' ],
116 silly install resolved     main: 'src/rtm.js',
116 silly install resolved     types: 'src/rtm.d.ts',
116 silly install resolved     scripts:
116 silly install resolved      { deploy: 'gulp deploy',
116 silly install resolved        build: 'gulp build',
116 silly install resolved        docs: 'gulp docs && gulp apimd',
116 silly install resolved        test: 'jest',
116 silly install resolved        preversion: 'npm test',
116 silly install resolved        version: 'npm run build && npm run docs',
116 silly install resolved        postversion: 'git push && git push --tags' },
116 silly install resolved     jest:
116 silly install resolved      { verbose: true,
116 silly install resolved        automock: false,
116 silly install resolved        testPathDirs: [Object],
116 silly install resolved        testRegex: '.test.js' },
116 silly install resolved     author: { name: 'Satori Worldwide, Inc.' },
116 silly install resolved     license: 'SEE LICENSE IN LICENSE',
116 silly install resolved     devDependencies:
116 silly install resolved      { akamai: '0.10.1',
116 silly install resolved        browserify: '13.0.1',
116 silly install resolved        gulp: '3.9.1',
116 silly install resolved        'jsdoc-to-markdown': '^2.0.1',
116 silly install resolved        'gulp-jsdoc3': '1.0.0',
116 silly install resolved        minami: '1.2.3',
116 silly install resolved        'jest-cli': '14.1.0',
116 silly install resolved        'gulp-flatten': '0.2.0',
116 silly install resolved        'gulp-eslint': '3.0.1',
116 silly install resolved        'gulp-rename': '1.2.2',
116 silly install resolved        'gulp-util': '3.0.7',
116 silly install resolved        'gulp-sourcemaps': '1.6.0',
116 silly install resolved        'gulp-uglify': '1.5.2',
116 silly install resolved        rsync: '0.6.1',
116 silly install resolved        inquirer: '0.11.0',
116 silly install resolved        del: '1.2.0',
116 silly install resolved        eslint: '3.7.1',
116 silly install resolved        'eslint-config-airbnb': '12.0.0',
116 silly install resolved        'vinyl-buffer': '1.0.0',
116 silly install resolved        'run-sequence': '1.1.5',
116 silly install resolved        'vinyl-source-stream': '1.1.0',
116 silly install resolved        'eslint-plugin-import': '1.16.0',
116 silly install resolved        'eslint-plugin-react': '6.3.0',
116 silly install resolved        'eslint-plugin-jsx-a11y': '2.2.2' },
116 silly install resolved     dependencies: { ws: '1.1.4', 'object-assign': '4.1.0', 'crypto-js': '3.1.6' },
116 silly install resolved     engines: { node: '>=0.10.0' },
116 silly install resolved     browser: { './src/websocket.js': './src/websocket-browser.js' },
116 silly install resolved     gitHead: 'bf5c68ae253a668b1938ba550e8b28051082c74d',
116 silly install resolved     bugs: { url: 'https://github.com/satori-com/satori-rtm-sdk-js/issues' },
116 silly install resolved     homepage: 'https://github.com/satori-com/satori-rtm-sdk-js#readme',
116 silly install resolved     _id: 'satori-rtm-sdk@1.1.1',
116 silly install resolved     _npmVersion: '5.3.0',
116 silly install resolved     _nodeVersion: '7.8.0',
116 silly install resolved     _npmUser: { name: 'satori-sdk', email: 'sdk@satori.com' },
116 silly install resolved     dist:
116 silly install resolved      { integrity: 'sha512-22W9a6ofylyAktsnKVNA4IIQ75H8L4YgmHnBt/Kt3yfZwk9x15wyDB2LOWEk/B8xnbMBOAIdfAo4oP5PdUWzcw==',
116 silly install resolved        shasum: '2ce532cb2ca26e83ac51435f17d47d056fe28a4f',
116 silly install resolved        tarball: 'https://registry.npmjs.org/satori-rtm-sdk/-/satori-rtm-sdk-1.1.1.tgz' },
116 silly install resolved     maintainers: [ [Object] ],
116 silly install resolved     _npmOperationalInternal:
116 silly install resolved      { host: 's3://npm-registry-packages',
116 silly install resolved        tmp: 'tmp/satori-rtm-sdk-1.1.1.tgz_1504036289693_0.9271935811266303' },
116 silly install resolved     directories: {},
116 silly install resolved     _shasum: '2ce532cb2ca26e83ac51435f17d47d056fe28a4f',
116 silly install resolved     _resolved: 'http://registry.npmjs.org/satori-rtm-sdk/-/satori-rtm-sdk-1.1.1.tgz',
116 silly install resolved     _from: 'satori-rtm-sdk@latest' } ]
117 info install satori-rtm-sdk@1.1.1 into /Users/davidson1/Documents/create/hackathon/Re-Quest/webview_app
118 info installOne satori-rtm-sdk@1.1.1
119 verbose installOne of satori-rtm-sdk to /Users/davidson1/Documents/create/hackathon/Re-Quest/webview_app not in flight; installing
120 verbose correctMkdir /Users/davidson1/.npm/_locks correctMkdir not in flight; initializing
121 verbose lock using /Users/davidson1/.npm/_locks/satori-rtm-sdk-4b6bf4b2017e3ae2.lock for /Users/davidson1/Documents/create/hackathon/Re-Quest/webview_app/node_modules/satori-rtm-sdk
122 silly install write writing satori-rtm-sdk 1.1.1 to /Users/davidson1/Documents/create/hackathon/Re-Quest/webview_app/node_modules/satori-rtm-sdk
123 verbose unbuild node_modules/satori-rtm-sdk
124 info preuninstall satori-rtm-sdk@1.1.1
125 info uninstall satori-rtm-sdk@1.1.1
126 verbose unbuild rmStuff satori-rtm-sdk@1.1.1 from /Users/davidson1/Documents/create/hackathon/Re-Quest/webview_app/node_modules
127 info postuninstall satori-rtm-sdk@1.1.1
128 silly gentlyRm /Users/davidson1/Documents/create/hackathon/Re-Quest/webview_app/node_modules/satori-rtm-sdk is being purged from base /Users/davidson1/Documents/create/hackathon/Re-Quest/webview_app
129 verbose gentlyRm don't care about contents; nuking /Users/davidson1/Documents/create/hackathon/Re-Quest/webview_app/node_modules/satori-rtm-sdk
130 silly vacuum-fs purging /Users/davidson1/Documents/create/hackathon/Re-Quest/webview_app/node_modules/satori-rtm-sdk
131 silly vacuum-fs quitting because other entries in /Users/davidson1/Documents/create/hackathon/Re-Quest/webview_app/node_modules
132 verbose tar unpack /Users/davidson1/.npm/satori-rtm-sdk/1.1.1/package.tgz
133 verbose tar unpacking to /Users/davidson1/Documents/create/hackathon/Re-Quest/webview_app/node_modules/satori-rtm-sdk
134 silly gentlyRm /Users/davidson1/Documents/create/hackathon/Re-Quest/webview_app/node_modules/satori-rtm-sdk is being purged
135 verbose gentlyRm don't care about contents; nuking /Users/davidson1/Documents/create/hackathon/Re-Quest/webview_app/node_modules/satori-rtm-sdk
136 silly gunzTarPerm modes [ '755', '644' ]
137 silly gunzTarPerm extractEntry package.json
138 silly gunzTarPerm extractEntry README.md
139 silly gunzTarPerm extractEntry LICENSE
140 silly gunzTarPerm extractEntry gulpfile.js
141 silly gunzTarPerm extractEntry dist/sdk.js
142 silly gunzTarPerm extractEntry dist/sdk.min.js
143 silly gunzTarPerm extractEntry dist/sdk.min.js.map
144 silly gunzTarPerm extractEntry API.md
145 silly gunzTarPerm extractEntry CHANGELOG.md
146 silly gunzTarPerm extractEntry src/websocket.js
147 silly gunzTarPerm extractEntry src/websocket-browser.js
148 silly gunzTarPerm extractEntry src/auth.js
149 silly gunzTarPerm extractEntry src/logger.js
150 silly gunzTarPerm extractEntry src/map.js
151 silly gunzTarPerm extractEntry src/subscription.js
152 silly gunzTarPerm extractEntry src/rtm.js
153 silly gunzTarPerm extractEntry src/observer.js
154 silly gunzTarPerm extractEntry src/rtm.d.ts
155 silly gunzTarPerm extractEntry src/__mocks__/websocket.js
156 silly gunzTarPerm extractEntry src/__tests__/auth.test.js
157 silly gunzTarPerm extractEntry src/__tests__/helper.js
158 silly gunzTarPerm extractEntry src/__tests__/map.test.js
159 silly gunzTarPerm extractEntry src/__tests__/observer.test.js
160 silly gunzTarPerm extractEntry src/__tests__/real_auth.test.js
161 silly gunzTarPerm extractEntry src/__tests__/real_channel.test.js
162 silly gunzTarPerm extractEntry src/__tests__/real_kv.test.js
163 silly gunzTarPerm extractEntry src/__tests__/real_rtm.test.js
164 silly gunzTarPerm extractEntry src/__tests__/subscription.test.js
165 silly gunzTarPerm extractEntry src/__tests__/writable.test.js
166 silly gunzTarPerm extractEntry src/__docs__/layout.tmpl
167 verbose write writing to /Users/davidson1/Documents/create/hackathon/Re-Quest/webview_app/node_modules/satori-rtm-sdk/package.json
168 info preinstall satori-rtm-sdk@1.1.1
169 verbose readDependencies loading dependencies from /Users/davidson1/Documents/create/hackathon/Re-Quest/webview_app/node_modules/satori-rtm-sdk/package.json
170 silly prepareForInstallMany adding object-assign@4.1.0 from satori-rtm-sdk dependencies
171 verbose readDependencies loading dependencies from /Users/davidson1/Documents/create/hackathon/Re-Quest/webview_app/node_modules/satori-rtm-sdk/package.json
172 silly cache add args [ 'object-assign@4.1.0', null ]
173 verbose cache add spec object-assign@4.1.0
174 silly cache add parsed spec Result {
174 silly cache add   raw: 'object-assign@4.1.0',
174 silly cache add   scope: null,
174 silly cache add   name: 'object-assign',
174 silly cache add   rawSpec: '4.1.0',
174 silly cache add   spec: '4.1.0',
174 silly cache add   type: 'version' }
175 silly addNamed object-assign@4.1.0
176 verbose addNamed "4.1.0" is a plain semver version for object-assign
177 silly mapToRegistry name object-assign
178 silly mapToRegistry using default registry
179 silly mapToRegistry registry http://registry.npmjs.org/
180 silly mapToRegistry data Result {
180 silly mapToRegistry   raw: 'object-assign',
180 silly mapToRegistry   scope: null,
180 silly mapToRegistry   name: 'object-assign',
180 silly mapToRegistry   rawSpec: '',
180 silly mapToRegistry   spec: 'latest',
180 silly mapToRegistry   type: 'tag' }
181 silly mapToRegistry uri http://registry.npmjs.org/object-assign
182 verbose addNameVersion registry:http://registry.npmjs.org/object-assign not in flight; fetching
183 verbose request uri http://registry.npmjs.org/object-assign
184 verbose request no auth needed
185 info attempt registry request try #1 at 7:02:19 PM
186 verbose request using bearer token for auth
187 verbose etag W/"595bae8c-5d5c"
188 verbose lastModified Tue, 04 Jul 2017 15:04:44 GMT
189 http request GET http://registry.npmjs.org/object-assign
190 http 200 http://registry.npmjs.org/object-assign
191 verbose headers { server: 'nginx/1.10.1',
191 verbose headers   'content-type': 'application/json',
191 verbose headers   'last-modified': 'Wed, 06 Sep 2017 23:56:46 GMT',
191 verbose headers   etag: 'W/"59b08b3e-5d62"',
191 verbose headers   'content-encoding': 'gzip',
191 verbose headers   'cache-control': 'max-age=300',
191 verbose headers   'transfer-encoding': 'chunked',
191 verbose headers   'accept-ranges': 'bytes',
191 verbose headers   date: 'Sun, 10 Sep 2017 02:02:19 GMT',
191 verbose headers   via: '1.1 varnish',
191 verbose headers   connection: 'keep-alive',
191 verbose headers   'x-served-by': 'cache-jfk8141-JFK',
191 verbose headers   'x-cache': 'MISS',
191 verbose headers   'x-cache-hits': '0',
191 verbose headers   'x-timer': 'S1505008940.500226,VS0,VE76',
191 verbose headers   vary: 'Accept-Encoding, Accept' }
192 silly get cb [ 200,
192 silly get   { server: 'nginx/1.10.1',
192 silly get     'content-type': 'application/json',
192 silly get     'last-modified': 'Wed, 06 Sep 2017 23:56:46 GMT',
192 silly get     etag: 'W/"59b08b3e-5d62"',
192 silly get     'content-encoding': 'gzip',
192 silly get     'cache-control': 'max-age=300',
192 silly get     'transfer-encoding': 'chunked',
192 silly get     'accept-ranges': 'bytes',
192 silly get     date: 'Sun, 10 Sep 2017 02:02:19 GMT',
192 silly get     via: '1.1 varnish',
192 silly get     connection: 'keep-alive',
192 silly get     'x-served-by': 'cache-jfk8141-JFK',
192 silly get     'x-cache': 'MISS',
192 silly get     'x-cache-hits': '0',
192 silly get     'x-timer': 'S1505008940.500226,VS0,VE76',
192 silly get     vary: 'Accept-Encoding, Accept' } ]
193 verbose get saving object-assign to /Users/davidson1/.npm/registry.npmjs.org/object-assign/.cache.json
194 verbose correctMkdir /Users/davidson1/.npm correctMkdir not in flight; initializing
195 silly mapToRegistry name object-assign
196 silly mapToRegistry using default registry
197 silly mapToRegistry registry http://registry.npmjs.org/
198 silly mapToRegistry data Result {
198 silly mapToRegistry   raw: 'object-assign',
198 silly mapToRegistry   scope: null,
198 silly mapToRegistry   name: 'object-assign',
198 silly mapToRegistry   rawSpec: '',
198 silly mapToRegistry   spec: 'latest',
198 silly mapToRegistry   type: 'tag' }
199 silly mapToRegistry uri http://registry.npmjs.org/object-assign
200 verbose addRemoteTarball http://registry.npmjs.org/object-assign/-/object-assign-4.1.0.tgz not in flight; adding
201 verbose addRemoteTarball [ 'http://registry.npmjs.org/object-assign/-/object-assign-4.1.0.tgz',
201 verbose addRemoteTarball   '7a3b3d0e98063d43f4c03f2e8ae6cd51a86883a0' ]
202 info retry fetch attempt 1 at 7:02:19 PM
203 info attempt registry request try #1 at 7:02:19 PM
204 http fetch GET http://registry.npmjs.org/object-assign/-/object-assign-4.1.0.tgz
205 verbose request using bearer token for auth
206 http fetch 200 http://registry.npmjs.org/object-assign/-/object-assign-4.1.0.tgz
207 silly fetchAndShaCheck shasum 7a3b3d0e98063d43f4c03f2e8ae6cd51a86883a0
208 verbose addTmpTarball /var/folders/2p/_sct82vn1vqdfkp_5358yjv00000gp/T/npm-25544-aef30113/registry.npmjs.org/object-assign/-/object-assign-4.1.0.tgz not in flight; adding
209 verbose addTmpTarball already have metadata; skipping unpack for object-assign@4.1.0
210 verbose correctMkdir /Users/davidson1/.npm correctMkdir not in flight; initializing
211 silly cache afterAdd object-assign@4.1.0
212 verbose afterAdd /Users/davidson1/.npm/object-assign/4.1.0/package/package.json not in flight; writing
213 verbose correctMkdir /Users/davidson1/.npm correctMkdir not in flight; initializing
214 verbose afterAdd /Users/davidson1/.npm/object-assign/4.1.0/package/package.json written
215 silly install resolved [ { name: 'object-assign',
215 silly install resolved     version: '4.1.0',
215 silly install resolved     description: 'ES2015 Object.assign() ponyfill',
215 silly install resolved     license: 'MIT',
215 silly install resolved     repository:
215 silly install resolved      { type: 'git',
215 silly install resolved        url: 'git+https://github.com/sindresorhus/object-assign.git' },
215 silly install resolved     author:
215 silly install resolved      { name: 'Sindre Sorhus',
215 silly install resolved        email: 'sindresorhus@gmail.com',
215 silly install resolved        url: 'sindresorhus.com' },
215 silly install resolved     engines: { node: '>=0.10.0' },
215 silly install resolved     scripts: { test: 'xo && mocha', bench: 'matcha bench.js' },
215 silly install resolved     files: [ 'index.js' ],
215 silly install resolved     keywords:
215 silly install resolved      [ 'object',
215 silly install resolved        'assign',
215 silly install resolved        'extend',
215 silly install resolved        'properties',
215 silly install resolved        'es2015',
215 silly install resolved        'ecmascript',
215 silly install resolved        'harmony',
215 silly install resolved        'ponyfill',
215 silly install resolved        'prollyfill',
215 silly install resolved        'polyfill',
215 silly install resolved        'shim',
215 silly install resolved        'browser' ],
215 silly install resolved     devDependencies: { lodash: '^4.8.2', matcha: '^0.7.0', mocha: '*', xo: '*' },
215 silly install resolved     gitHead: '72fe21c86911758f3342fdf41c2a57860d5829bc',
215 silly install resolved     bugs: { url: 'https://github.com/sindresorhus/object-assign/issues' },
215 silly install resolved     homepage: 'https://github.com/sindresorhus/object-assign#readme',
215 silly install resolved     _id: 'object-assign@4.1.0',
215 silly install resolved     _shasum: '7a3b3d0e98063d43f4c03f2e8ae6cd51a86883a0',
215 silly install resolved     _from: 'object-assign@4.1.0',
215 silly install resolved     _npmVersion: '2.14.19',
215 silly install resolved     _nodeVersion: '4.1.0',
215 silly install resolved     _npmUser: { name: 'spicyj', email: 'ben@benalpert.com' },
215 silly install resolved     maintainers: [ [Object], [Object] ],
215 silly install resolved     dist:
215 silly install resolved      { shasum: '7a3b3d0e98063d43f4c03f2e8ae6cd51a86883a0',
215 silly install resolved        tarball: 'https://registry.npmjs.org/object-assign/-/object-assign-4.1.0.tgz' },
215 silly install resolved     _npmOperationalInternal:
215 silly install resolved      { host: 'packages-16-east.internal.npmjs.com',
215 silly install resolved        tmp: 'tmp/object-assign-4.1.0.tgz_1462212593641_0.3332549517508596' },
215 silly install resolved     directories: {},
215 silly install resolved     _resolved: 'http://registry.npmjs.org/object-assign/-/object-assign-4.1.0.tgz' } ]
216 info install object-assign@4.1.0 into /Users/davidson1/Documents/create/hackathon/Re-Quest/webview_app/node_modules/satori-rtm-sdk
217 info installOne object-assign@4.1.0
218 verbose installOne of object-assign to /Users/davidson1/Documents/create/hackathon/Re-Quest/webview_app/node_modules/satori-rtm-sdk not in flight; installing
219 verbose correctMkdir /Users/davidson1/.npm/_locks correctMkdir not in flight; initializing
220 verbose lock using /Users/davidson1/.npm/_locks/object-assign-505ccbfda702a422.lock for /Users/davidson1/Documents/create/hackathon/Re-Quest/webview_app/node_modules/satori-rtm-sdk/node_modules/object-assign
221 silly install write writing object-assign 4.1.0 to /Users/davidson1/Documents/create/hackathon/Re-Quest/webview_app/node_modules/satori-rtm-sdk/node_modules/object-assign
222 verbose unbuild node_modules/satori-rtm-sdk/node_modules/object-assign
223 silly gentlyRm /Users/davidson1/Documents/create/hackathon/Re-Quest/webview_app/node_modules/satori-rtm-sdk/node_modules/object-assign is being purged from base /Users/davidson1/Documents/create/hackathon/Re-Quest/webview_app
224 verbose gentlyRm don't care about contents; nuking /Users/davidson1/Documents/create/hackathon/Re-Quest/webview_app/node_modules/satori-rtm-sdk/node_modules/object-assign
225 verbose tar unpack /Users/davidson1/.npm/object-assign/4.1.0/package.tgz
226 verbose tar unpacking to /Users/davidson1/Documents/create/hackathon/Re-Quest/webview_app/node_modules/satori-rtm-sdk/node_modules/object-assign
227 silly gentlyRm /Users/davidson1/Documents/create/hackathon/Re-Quest/webview_app/node_modules/satori-rtm-sdk/node_modules/object-assign is being purged
228 verbose gentlyRm don't care about contents; nuking /Users/davidson1/Documents/create/hackathon/Re-Quest/webview_app/node_modules/satori-rtm-sdk/node_modules/object-assign
229 silly gunzTarPerm modes [ '755', '644' ]
230 silly gunzTarPerm extractEntry package.json
231 silly gunzTarPerm extractEntry index.js
232 silly gunzTarPerm extractEntry license
233 silly gunzTarPerm extractEntry readme.md
234 verbose write writing to /Users/davidson1/Documents/create/hackathon/Re-Quest/webview_app/node_modules/satori-rtm-sdk/node_modules/object-assign/package.json
235 info preinstall object-assign@4.1.0
236 verbose readDependencies loading dependencies from /Users/davidson1/Documents/create/hackathon/Re-Quest/webview_app/node_modules/satori-rtm-sdk/node_modules/object-assign/package.json
237 verbose readDependencies loading dependencies from /Users/davidson1/Documents/create/hackathon/Re-Quest/webview_app/node_modules/satori-rtm-sdk/node_modules/object-assign/package.json
238 silly install resolved []
239 verbose about to build /Users/davidson1/Documents/create/hackathon/Re-Quest/webview_app/node_modules/satori-rtm-sdk/node_modules/object-assign
240 info build /Users/davidson1/Documents/create/hackathon/Re-Quest/webview_app/node_modules/satori-rtm-sdk/node_modules/object-assign
241 info linkStuff object-assign@4.1.0
242 silly linkStuff object-assign@4.1.0 has /Users/davidson1/Documents/create/hackathon/Re-Quest/webview_app/node_modules/satori-rtm-sdk/node_modules as its parent node_modules
243 verbose linkBins object-assign@4.1.0
244 verbose linkMans object-assign@4.1.0
245 verbose rebuildBundles object-assign@4.1.0
246 info install object-assign@4.1.0
247 info postinstall object-assign@4.1.0
248 verbose unlock done using /Users/davidson1/.npm/_locks/object-assign-505ccbfda702a422.lock for /Users/davidson1/Documents/create/hackathon/Re-Quest/webview_app/node_modules/satori-rtm-sdk/node_modules/object-assign
249 verbose about to build /Users/davidson1/Documents/create/hackathon/Re-Quest/webview_app/node_modules/satori-rtm-sdk
250 info build /Users/davidson1/Documents/create/hackathon/Re-Quest/webview_app/node_modules/satori-rtm-sdk
251 info linkStuff satori-rtm-sdk@1.1.1
252 silly linkStuff satori-rtm-sdk@1.1.1 has /Users/davidson1/Documents/create/hackathon/Re-Quest/webview_app/node_modules as its parent node_modules
253 verbose linkBins satori-rtm-sdk@1.1.1
254 verbose linkMans satori-rtm-sdk@1.1.1
255 verbose rebuildBundles satori-rtm-sdk@1.1.1
256 verbose rebuildBundles [ 'object-assign' ]
257 info install satori-rtm-sdk@1.1.1
258 info postinstall satori-rtm-sdk@1.1.1
259 verbose unlock done using /Users/davidson1/.npm/_locks/satori-rtm-sdk-4b6bf4b2017e3ae2.lock for /Users/davidson1/Documents/create/hackathon/Re-Quest/webview_app/node_modules/satori-rtm-sdk
260 verbose validateInstall loading /Users/davidson1/Documents/create/hackathon/Re-Quest/webview_app/package.json for validation
261 verbose stack Error: The package material-ui@0.19.1 does not satisfy its siblings' peerDependencies requirements!
261 verbose stack     at /Users/davidson1/.nvm/versions/node/v4.8.4/lib/node_modules/npm/lib/install.js:125:32
261 verbose stack     at /Users/davidson1/.nvm/versions/node/v4.8.4/lib/node_modules/npm/lib/install.js:268:7
261 verbose stack     at /Users/davidson1/.nvm/versions/node/v4.8.4/lib/node_modules/npm/node_modules/read-installed/read-installed.js:142:5
261 verbose stack     at /Users/davidson1/.nvm/versions/node/v4.8.4/lib/node_modules/npm/node_modules/read-installed/read-installed.js:263:14
261 verbose stack     at cb (/Users/davidson1/.nvm/versions/node/v4.8.4/lib/node_modules/npm/node_modules/slide/lib/async-map.js:47:24)
261 verbose stack     at /Users/davidson1/.nvm/versions/node/v4.8.4/lib/node_modules/npm/node_modules/read-installed/read-installed.js:263:14
261 verbose stack     at cb (/Users/davidson1/.nvm/versions/node/v4.8.4/lib/node_modules/npm/node_modules/slide/lib/async-map.js:47:24)
261 verbose stack     at /Users/davidson1/.nvm/versions/node/v4.8.4/lib/node_modules/npm/node_modules/read-installed/read-installed.js:263:14
261 verbose stack     at cb (/Users/davidson1/.nvm/versions/node/v4.8.4/lib/node_modules/npm/node_modules/slide/lib/async-map.js:47:24)
261 verbose stack     at /Users/davidson1/.nvm/versions/node/v4.8.4/lib/node_modules/npm/node_modules/read-installed/read-installed.js:263:14
262 verbose cwd /Users/davidson1/Documents/create/hackathon/Re-Quest/webview_app
263 error Darwin 16.7.0
264 error argv "/Users/davidson1/.nvm/versions/node/v4.8.4/bin/node" "/Users/davidson1/.nvm/versions/node/v4.8.4/bin/npm" "install" "--save" "satori-rtm-sdk"
265 error node v4.8.4
266 error npm  v2.15.11
267 error code EPEERINVALID
268 error peerinvalid The package material-ui@0.19.1 does not satisfy its siblings' peerDependencies requirements!
268 error peerinvalid Peer material-ui-icons@1.0.0-beta.5 wants material-ui@^1.0.0-beta
269 verbose exit [ 1, true ]
